---------------------------------------------------------------
[ 2019-01-07T17:49:50+08:00 ] 127.0.0.1 GET 127.0.0.1:8000/
[运行时间：0.062423s] [吞吐率：16.02req/s] [内存消耗：2,039.01kb] [文件加载：81]
[ info ] [ LANG ] /Users/jon/Documents/项目汇总/车之界/thinkphp/lang/zh-cn.php
[ info ] [ ROUTE ] array (
)
[ info ] [ HEADER ] array (
  'host' => '127.0.0.1:8000',
  'connection' => 'keep-alive',
  'upgrade-insecure-requests' => '1',
  'user-agent' => 'Mozilla/5.0 (Macintosh; Intel Mac OS X 10_14_0) AppleWebKit/537.36 (KHTML, like Gecko) Chrome/71.0.3578.98 Safari/537.36',
  'accept' => 'text/html,application/xhtml+xml,application/xml;q=0.9,image/webp,image/apng,*/*;q=0.8',
  'accept-encoding' => 'gzip, deflate, br',
  'accept-language' => 'zh-CN,zh;q=0.9',
)
[ info ] [ PARAM ] array (
)
---------------------------------------------------------------
[ 2019-01-07T17:49:50+08:00 ] 127.0.0.1 GET 127.0.0.1:8000/index/user/login
[运行时间：0.137784s] [吞吐率：7.26req/s] [内存消耗：2,258.19kb] [文件加载：83]
[ info ] [ LANG ] /Users/jon/Documents/项目汇总/车之界/thinkphp/lang/zh-cn.php
[ info ] [ ROUTE ] array (
)
[ info ] [ HEADER ] array (
  'host' => '127.0.0.1:8000',
  'connection' => 'keep-alive',
  'upgrade-insecure-requests' => '1',
  'user-agent' => 'Mozilla/5.0 (Macintosh; Intel Mac OS X 10_14_0) AppleWebKit/537.36 (KHTML, like Gecko) Chrome/71.0.3578.98 Safari/537.36',
  'accept' => 'text/html,application/xhtml+xml,application/xml;q=0.9,image/webp,image/apng,*/*;q=0.8',
  'accept-encoding' => 'gzip, deflate, br',
  'accept-language' => 'zh-CN,zh;q=0.9',
  'cookie' => 'PHPSESSID=0f3b99ab8f01d55b44f3156005a09197',
)
[ info ] [ PARAM ] array (
)
[ info ] [ VIEW ] /Users/jon/Documents/项目汇总/车之界/application/index/view/user/login.html [ array (
) ]
---------------------------------------------------------------
[ 2019-01-07T17:49:56+08:00 ] 127.0.0.1 GET 127.0.0.1:8000/bis
[运行时间：0.038296s] [吞吐率：26.11req/s] [内存消耗：2,236.99kb] [文件加载：85]
[ info ] [ LANG ] /Users/jon/Documents/项目汇总/车之界/thinkphp/lang/zh-cn.php
[ info ] [ ROUTE ] array (
)
[ info ] [ HEADER ] array (
  'host' => '127.0.0.1:8000',
  'connection' => 'keep-alive',
  'upgrade-insecure-requests' => '1',
  'user-agent' => 'Mozilla/5.0 (Macintosh; Intel Mac OS X 10_14_0) AppleWebKit/537.36 (KHTML, like Gecko) Chrome/71.0.3578.98 Safari/537.36',
  'accept' => 'text/html,application/xhtml+xml,application/xml;q=0.9,image/webp,image/apng,*/*;q=0.8',
  'accept-encoding' => 'gzip, deflate, br',
  'accept-language' => 'zh-CN,zh;q=0.9',
  'cookie' => 'PHPSESSID=0f3b99ab8f01d55b44f3156005a09197',
)
[ info ] [ PARAM ] array (
)
[ info ] [ VIEW ] /Users/jon/Documents/项目汇总/车之界/application/bis/view/index/index.html [ array (
) ]
---------------------------------------------------------------
[ 2019-01-07T17:49:58+08:00 ] 127.0.0.1 GET 127.0.0.1:8000/bis/location/add.html
[运行时间：0.048778s] [吞吐率：20.50req/s] [内存消耗：3,250.04kb] [文件加载：95]
[ info ] [ LANG ] /Users/jon/Documents/项目汇总/车之界/thinkphp/lang/zh-cn.php
[ info ] [ ROUTE ] array (
)
[ info ] [ HEADER ] array (
  'host' => '127.0.0.1:8000',
  'connection' => 'keep-alive',
  'upgrade-insecure-requests' => '1',
  'user-agent' => 'Mozilla/5.0 (Macintosh; Intel Mac OS X 10_14_0) AppleWebKit/537.36 (KHTML, like Gecko) Chrome/71.0.3578.98 Safari/537.36',
  'accept' => 'text/html,application/xhtml+xml,application/xml;q=0.9,image/webp,image/apng,*/*;q=0.8',
  'referer' => 'http://127.0.0.1:8000/bis',
  'accept-encoding' => 'gzip, deflate, br',
  'accept-language' => 'zh-CN,zh;q=0.9',
  'cookie' => 'PHPSESSID=0f3b99ab8f01d55b44f3156005a09197',
)
[ info ] [ PARAM ] array (
)
[ info ] [ DB ] INIT mysql
[ error ] [1045]SQLSTATE[HY000] [1045] Access denied for user 'czj.10huisp.com'@'localhost' (using password: YES)[/Users/jon/Documents/项目汇总/车之界/thinkphp/library/think/db/Connection.php:528]
---------------------------------------------------------------
[ 2019-01-07T17:49:58+08:00 ] 127.0.0.1 GET 127.0.0.1:8000/bis/location/index.html
[运行时间：0.041368s] [吞吐率：24.17req/s] [内存消耗：3,310.52kb] [文件加载：98]
[ info ] [ LANG ] /Users/jon/Documents/项目汇总/车之界/thinkphp/lang/zh-cn.php
[ info ] [ ROUTE ] array (
)
[ info ] [ HEADER ] array (
  'host' => '127.0.0.1:8000',
  'connection' => 'keep-alive',
  'upgrade-insecure-requests' => '1',
  'user-agent' => 'Mozilla/5.0 (Macintosh; Intel Mac OS X 10_14_0) AppleWebKit/537.36 (KHTML, like Gecko) Chrome/71.0.3578.98 Safari/537.36',
  'accept' => 'text/html,application/xhtml+xml,application/xml;q=0.9,image/webp,image/apng,*/*;q=0.8',
  'referer' => 'http://127.0.0.1:8000/bis',
  'accept-encoding' => 'gzip, deflate, br',
  'accept-language' => 'zh-CN,zh;q=0.9',
  'cookie' => 'PHPSESSID=0f3b99ab8f01d55b44f3156005a09197',
)
[ info ] [ PARAM ] array (
)
[ info ] [ DB ] INIT mysql
[ error ] [1045]SQLSTATE[HY000] [1045] Access denied for user 'czj.10huisp.com'@'localhost' (using password: YES)[/Users/jon/Documents/项目汇总/车之界/thinkphp/library/think/db/Connection.php:528]
---------------------------------------------------------------
[ 2019-01-07T17:50:38+08:00 ] 127.0.0.1 GET 127.0.0.1:8000/bis
[运行时间：0.057424s] [吞吐率：17.41req/s] [内存消耗：2,096.04kb] [文件加载：83]
[ info ] [ LANG ] /Users/jon/Documents/项目汇总/车之界/thinkphp/lang/zh-cn.php
[ info ] [ ROUTE ] array (
)
[ info ] [ HEADER ] array (
  'host' => '127.0.0.1:8000',
  'connection' => 'keep-alive',
  'cache-control' => 'max-age=0',
  'upgrade-insecure-requests' => '1',
  'user-agent' => 'Mozilla/5.0 (Macintosh; Intel Mac OS X 10_14_0) AppleWebKit/537.36 (KHTML, like Gecko) Chrome/71.0.3578.98 Safari/537.36',
  'accept' => 'text/html,application/xhtml+xml,application/xml;q=0.9,image/webp,image/apng,*/*;q=0.8',
  'accept-encoding' => 'gzip, deflate, br',
  'accept-language' => 'zh-CN,zh;q=0.9',
  'cookie' => 'PHPSESSID=0f3b99ab8f01d55b44f3156005a09197',
)
[ info ] [ PARAM ] array (
)
[ info ] [ VIEW ] /Users/jon/Documents/项目汇总/车之界/application/bis/view/index/index.html [ array (
) ]
---------------------------------------------------------------
[ 2019-01-07T17:50:39+08:00 ] 127.0.0.1 GET 127.0.0.1:8000/bis/location/index.html
[运行时间：0.194049s] [吞吐率：5.15req/s] [内存消耗：3,310.52kb] [文件加载：98]
[ info ] [ LANG ] /Users/jon/Documents/项目汇总/车之界/thinkphp/lang/zh-cn.php
[ info ] [ ROUTE ] array (
)
[ info ] [ HEADER ] array (
  'host' => '127.0.0.1:8000',
  'connection' => 'keep-alive',
  'upgrade-insecure-requests' => '1',
  'user-agent' => 'Mozilla/5.0 (Macintosh; Intel Mac OS X 10_14_0) AppleWebKit/537.36 (KHTML, like Gecko) Chrome/71.0.3578.98 Safari/537.36',
  'accept' => 'text/html,application/xhtml+xml,application/xml;q=0.9,image/webp,image/apng,*/*;q=0.8',
  'referer' => 'http://127.0.0.1:8000/bis',
  'accept-encoding' => 'gzip, deflate, br',
  'accept-language' => 'zh-CN,zh;q=0.9',
  'cookie' => 'PHPSESSID=0f3b99ab8f01d55b44f3156005a09197',
)
[ info ] [ PARAM ] array (
)
[ info ] [ DB ] INIT mysql
[ error ] [1045]SQLSTATE[HY000] [1045] Access denied for user 'czj.10huisp.com'@'180.137.106.12' (using password: YES)[/Users/jon/Documents/项目汇总/车之界/thinkphp/library/think/db/Connection.php:528]
---------------------------------------------------------------
[ 2019-01-07T17:50:56+08:00 ] 127.0.0.1 GET 127.0.0.1:8000/admin
[运行时间：0.035996s] [吞吐率：27.78req/s] [内存消耗：2,245.34kb] [文件加载：87]
[ info ] [ LANG ] /Users/jon/Documents/项目汇总/车之界/thinkphp/lang/zh-cn.php
[ info ] [ ROUTE ] array (
)
[ info ] [ HEADER ] array (
  'host' => '127.0.0.1:8000',
  'connection' => 'keep-alive',
  'purpose' => 'prefetch',
  'upgrade-insecure-requests' => '1',
  'user-agent' => 'Mozilla/5.0 (Macintosh; Intel Mac OS X 10_14_0) AppleWebKit/537.36 (KHTML, like Gecko) Chrome/71.0.3578.98 Safari/537.36',
  'accept' => 'text/html,application/xhtml+xml,application/xml;q=0.9,image/webp,image/apng,*/*;q=0.8',
  'accept-encoding' => 'gzip, deflate, br',
  'accept-language' => 'zh-CN,zh;q=0.9',
  'cookie' => 'PHPSESSID=0f3b99ab8f01d55b44f3156005a09197',
)
[ info ] [ PARAM ] array (
)
[ info ] [ VIEW ] /Users/jon/Documents/项目汇总/车之界/thinkphp/tpl/dispatch_jump.tpl [ array (
  0 => 'code',
  1 => 'msg',
  2 => 'data',
  3 => 'url',
  4 => 'wait',
) ]
---------------------------------------------------------------
[ 2019-01-07T17:50:57+08:00 ] 127.0.0.1 GET 127.0.0.1:8000/admin
[运行时间：0.027160s] [吞吐率：36.82req/s] [内存消耗：2,109.88kb] [文件加载：85]
[ info ] [ LANG ] /Users/jon/Documents/项目汇总/车之界/thinkphp/lang/zh-cn.php
[ info ] [ ROUTE ] array (
)
[ info ] [ HEADER ] array (
  'host' => '127.0.0.1:8000',
  'connection' => 'keep-alive',
  'upgrade-insecure-requests' => '1',
  'user-agent' => 'Mozilla/5.0 (Macintosh; Intel Mac OS X 10_14_0) AppleWebKit/537.36 (KHTML, like Gecko) Chrome/71.0.3578.98 Safari/537.36',
  'accept' => 'text/html,application/xhtml+xml,application/xml;q=0.9,image/webp,image/apng,*/*;q=0.8',
  'accept-encoding' => 'gzip, deflate, br',
  'accept-language' => 'zh-CN,zh;q=0.9',
  'cookie' => 'PHPSESSID=0f3b99ab8f01d55b44f3156005a09197',
)
[ info ] [ PARAM ] array (
)
[ info ] [ VIEW ] /Users/jon/Documents/项目汇总/车之界/thinkphp/tpl/dispatch_jump.tpl [ array (
  0 => 'code',
  1 => 'msg',
  2 => 'data',
  3 => 'url',
  4 => 'wait',
) ]
---------------------------------------------------------------
[ 2019-01-07T17:50:58+08:00 ] 127.0.0.1 GET 127.0.0.1:8000/admin/admin/login.html
[运行时间：0.045244s] [吞吐率：22.10req/s] [内存消耗：2,167.18kb] [文件加载：82]
[ info ] [ LANG ] /Users/jon/Documents/项目汇总/车之界/thinkphp/lang/zh-cn.php
[ info ] [ ROUTE ] array (
)
[ info ] [ HEADER ] array (
  'host' => '127.0.0.1:8000',
  'connection' => 'keep-alive',
  'upgrade-insecure-requests' => '1',
  'user-agent' => 'Mozilla/5.0 (Macintosh; Intel Mac OS X 10_14_0) AppleWebKit/537.36 (KHTML, like Gecko) Chrome/71.0.3578.98 Safari/537.36',
  'accept' => 'text/html,application/xhtml+xml,application/xml;q=0.9,image/webp,image/apng,*/*;q=0.8',
  'referer' => 'http://127.0.0.1:8000/admin',
  'accept-encoding' => 'gzip, deflate, br',
  'accept-language' => 'zh-CN,zh;q=0.9',
  'cookie' => 'PHPSESSID=0f3b99ab8f01d55b44f3156005a09197',
)
[ info ] [ PARAM ] array (
)
[ info ] [ VIEW ] /Users/jon/Documents/项目汇总/车之界/application/admin/view/admin/login.html [ array (
) ]
---------------------------------------------------------------
[ 2019-01-07T17:51:02+08:00 ] 127.0.0.1 POST 127.0.0.1:8000/admin/admin/login.html
[运行时间：0.092231s] [吞吐率：10.84req/s] [内存消耗：2,899.34kb] [文件加载：86]
[ info ] [ LANG ] /Users/jon/Documents/项目汇总/车之界/thinkphp/lang/zh-cn.php
[ info ] [ ROUTE ] array (
)
[ info ] [ HEADER ] array (
  'host' => '127.0.0.1:8000',
  'connection' => 'keep-alive',
  'content-length' => '55',
  'cache-control' => 'max-age=0',
  'origin' => 'http://127.0.0.1:8000',
  'upgrade-insecure-requests' => '1',
  'content-type' => 'application/x-www-form-urlencoded',
  'user-agent' => 'Mozilla/5.0 (Macintosh; Intel Mac OS X 10_14_0) AppleWebKit/537.36 (KHTML, like Gecko) Chrome/71.0.3578.98 Safari/537.36',
  'accept' => 'text/html,application/xhtml+xml,application/xml;q=0.9,image/webp,image/apng,*/*;q=0.8',
  'referer' => 'http://127.0.0.1:8000/admin/admin/login.html',
  'accept-encoding' => 'gzip, deflate, br',
  'accept-language' => 'zh-CN,zh;q=0.9',
  'cookie' => 'PHPSESSID=0f3b99ab8f01d55b44f3156005a09197',
)
[ info ] [ PARAM ] array (
  'username' => 'admin',
  'password' => 'admin',
  'Submit' => '登录',
)
[ info ] [ DB ] INIT mysql
[ error ] [1045]SQLSTATE[HY000] [1045] Access denied for user 'czj.10huisp.com'@'180.137.106.12' (using password: YES)[/Users/jon/Documents/项目汇总/车之界/thinkphp/library/think/db/Connection.php:528]
---------------------------------------------------------------
[ 2019-01-07T17:51:09+08:00 ] 127.0.0.1 POST 127.0.0.1:8000/admin/admin/login.html
[运行时间：0.040476s] [吞吐率：24.71req/s] [内存消耗：2,899.34kb] [文件加载：86]
[ info ] [ LANG ] /Users/jon/Documents/项目汇总/车之界/thinkphp/lang/zh-cn.php
[ info ] [ ROUTE ] array (
)
[ info ] [ HEADER ] array (
  'host' => '127.0.0.1:8000',
  'connection' => 'keep-alive',
  'content-length' => '55',
  'cache-control' => 'max-age=0',
  'upgrade-insecure-requests' => '1',
  'user-agent' => 'Mozilla/5.0 (Macintosh; Intel Mac OS X 10_14_0) AppleWebKit/537.36 (KHTML, like Gecko) Chrome/71.0.3578.98 Safari/537.36',
  'origin' => 'http://127.0.0.1:8000',
  'content-type' => 'application/x-www-form-urlencoded',
  'accept' => 'text/html,application/xhtml+xml,application/xml;q=0.9,image/webp,image/apng,*/*;q=0.8',
  'referer' => 'http://127.0.0.1:8000/admin/admin/login.html',
  'accept-encoding' => 'gzip, deflate, br',
  'accept-language' => 'zh-CN,zh;q=0.9',
  'cookie' => 'PHPSESSID=0f3b99ab8f01d55b44f3156005a09197',
)
[ info ] [ PARAM ] array (
  'username' => 'admin',
  'password' => 'admin',
  'Submit' => '登录',
)
[ info ] [ DB ] INIT mysql
[ error ] [1045]SQLSTATE[HY000] [1045] Access denied for user 'czj.10huisp.com'@'localhost' (using password: YES)[/Users/jon/Documents/项目汇总/车之界/thinkphp/library/think/db/Connection.php:528]
---------------------------------------------------------------
[ 2019-01-07T17:51:13+08:00 ] 127.0.0.1 POST 127.0.0.1:8000/admin/admin/login.html
[运行时间：0.040723s] [吞吐率：24.56req/s] [内存消耗：2,899.34kb] [文件加载：86]
[ info ] [ LANG ] /Users/jon/Documents/项目汇总/车之界/thinkphp/lang/zh-cn.php
[ info ] [ ROUTE ] array (
)
[ info ] [ HEADER ] array (
  'host' => '127.0.0.1:8000',
  'connection' => 'keep-alive',
  'content-length' => '55',
  'cache-control' => 'max-age=0',
  'origin' => 'http://127.0.0.1:8000',
  'upgrade-insecure-requests' => '1',
  'content-type' => 'application/x-www-form-urlencoded',
  'user-agent' => 'Mozilla/5.0 (Macintosh; Intel Mac OS X 10_14_0) AppleWebKit/537.36 (KHTML, like Gecko) Chrome/71.0.3578.98 Safari/537.36',
  'accept' => 'text/html,application/xhtml+xml,application/xml;q=0.9,image/webp,image/apng,*/*;q=0.8',
  'referer' => 'http://127.0.0.1:8000/admin/admin/login.html',
  'accept-encoding' => 'gzip, deflate, br',
  'accept-language' => 'zh-CN,zh;q=0.9',
  'cookie' => 'PHPSESSID=0f3b99ab8f01d55b44f3156005a09197',
)
[ info ] [ PARAM ] array (
  'username' => 'admin',
  'password' => 'admin',
  'Submit' => '登录',
)
[ info ] [ DB ] INIT mysql
[ error ] [1045]SQLSTATE[HY000] [1045] Access denied for user 'czj.10huisp.com'@'localhost' (using password: YES)[/Users/jon/Documents/项目汇总/车之界/thinkphp/library/think/db/Connection.php:528]
---------------------------------------------------------------
[ 2019-01-07T17:52:19+08:00 ] 127.0.0.1 POST 127.0.0.1:8000/admin/admin/login.html
[运行时间：0.045607s] [吞吐率：21.93req/s] [内存消耗：2,899.34kb] [文件加载：86]
[ info ] [ LANG ] /Users/jon/Documents/项目汇总/车之界/thinkphp/lang/zh-cn.php
[ info ] [ ROUTE ] array (
)
[ info ] [ HEADER ] array (
  'host' => '127.0.0.1:8000',
  'connection' => 'keep-alive',
  'content-length' => '55',
  'cache-control' => 'max-age=0',
  'upgrade-insecure-requests' => '1',
  'user-agent' => 'Mozilla/5.0 (Macintosh; Intel Mac OS X 10_14_0) AppleWebKit/537.36 (KHTML, like Gecko) Chrome/71.0.3578.98 Safari/537.36',
  'origin' => 'http://127.0.0.1:8000',
  'content-type' => 'application/x-www-form-urlencoded',
  'accept' => 'text/html,application/xhtml+xml,application/xml;q=0.9,image/webp,image/apng,*/*;q=0.8',
  'referer' => 'http://127.0.0.1:8000/admin/admin/login.html',
  'accept-encoding' => 'gzip, deflate, br',
  'accept-language' => 'zh-CN,zh;q=0.9',
  'cookie' => 'PHPSESSID=0f3b99ab8f01d55b44f3156005a09197',
)
[ info ] [ PARAM ] array (
  'username' => 'admin',
  'password' => 'admin',
  'Submit' => '登录',
)
[ info ] [ DB ] INIT mysql
[ error ] [1045]SQLSTATE[HY000] [1045] Access denied for user 'czj.10huisp.com'@'localhost' (using password: YES)[/Users/jon/Documents/项目汇总/车之界/thinkphp/library/think/db/Connection.php:528]
