---------------------------------------------------------------
[ 2018-12-05T11:09:43+08:00 ] 127.0.0.1 GET 127.0.0.1:8000/
[运行时间：0.152045s] [吞吐率：6.58req/s] [内存消耗：2,036.44kb] [文件加载：81]
[ info ] [ LANG ] /Users/jon/Documents/项目汇总/车自主/thinkphp/lang/zh-cn.php
[ info ] [ ROUTE ] array (
)
[ info ] [ HEADER ] array (
  'host' => '127.0.0.1:8000',
  'connection' => 'keep-alive',
  'upgrade-insecure-requests' => '1',
  'user-agent' => 'Mozilla/5.0 (Macintosh; Intel Mac OS X 10_14_0) AppleWebKit/537.36 (KHTML, like Gecko) Chrome/70.0.3538.110 Safari/537.36',
  'accept' => 'text/html,application/xhtml+xml,application/xml;q=0.9,image/webp,image/apng,*/*;q=0.8',
  'accept-encoding' => 'gzip, deflate, br',
  'accept-language' => 'zh-CN,zh;q=0.9',
  'cookie' => 'Hm_lvt_b393d153aeb26b46e9431fabaf0f6190=1542875723',
)
[ info ] [ PARAM ] array (
)
---------------------------------------------------------------
[ 2018-12-05T11:09:43+08:00 ] 127.0.0.1 GET 127.0.0.1:8000/index/user/login
[运行时间：0.192716s] [吞吐率：5.19req/s] [内存消耗：2,108.21kb] [文件加载：81]
[ info ] [ LANG ] /Users/jon/Documents/项目汇总/车自主/thinkphp/lang/zh-cn.php
[ info ] [ ROUTE ] array (
)
[ info ] [ HEADER ] array (
  'host' => '127.0.0.1:8000',
  'connection' => 'keep-alive',
  'upgrade-insecure-requests' => '1',
  'user-agent' => 'Mozilla/5.0 (Macintosh; Intel Mac OS X 10_14_0) AppleWebKit/537.36 (KHTML, like Gecko) Chrome/70.0.3538.110 Safari/537.36',
  'accept' => 'text/html,application/xhtml+xml,application/xml;q=0.9,image/webp,image/apng,*/*;q=0.8',
  'accept-encoding' => 'gzip, deflate, br',
  'accept-language' => 'zh-CN,zh;q=0.9',
  'cookie' => 'Hm_lvt_b393d153aeb26b46e9431fabaf0f6190=1542875723; PHPSESSID=5e2aa2706adae7db23ae6a172087503f',
)
[ info ] [ PARAM ] array (
)
[ info ] [ VIEW ] /Users/jon/Documents/项目汇总/车自主/application/index/view/user/login.html [ array (
) ]
---------------------------------------------------------------
[ 2018-12-05T11:09:51+08:00 ] 127.0.0.1 POST 127.0.0.1:8000/index/user/login
[运行时间：0.180405s] [吞吐率：5.54req/s] [内存消耗：2,936.85kb] [文件加载：84]
[ info ] [ LANG ] /Users/jon/Documents/项目汇总/车自主/thinkphp/lang/zh-cn.php
[ info ] [ ROUTE ] array (
)
[ info ] [ HEADER ] array (
  'host' => '127.0.0.1:8000',
  'connection' => 'keep-alive',
  'content-length' => '44',
  'accept' => 'application/json, text/plain, */*',
  'origin' => 'http://127.0.0.1:8000',
  'user-agent' => 'Mozilla/5.0 (Macintosh; Intel Mac OS X 10_14_0) AppleWebKit/537.36 (KHTML, like Gecko) Chrome/70.0.3538.110 Safari/537.36',
  'content-type' => 'application/json;charset=UTF-8',
  'referer' => 'http://127.0.0.1:8000/index/user/login',
  'accept-encoding' => 'gzip, deflate, br',
  'accept-language' => 'zh-CN,zh;q=0.9',
  'cookie' => 'Hm_lvt_b393d153aeb26b46e9431fabaf0f6190=1542875723; PHPSESSID=5e2aa2706adae7db23ae6a172087503f',
)
[ info ] [ PARAM ] array (
  'mobile' => '18577610926',
  'password' => '123456',
)
[ info ] [ DB ] INIT mysql
[ sql ] [ DB ] CONNECT:[ UseTime:0.064667s ] mysql:host=39.108.101.229;dbname=czz_10huisp_com;charset=utf8
[ sql ] [ SQL ] SHOW COLUMNS FROM `clt_user` [ RunTime:0.041483s ]
[ sql ] [ SQL ] SELECT * FROM `clt_user` WHERE  `mobile` = '18577610926' LIMIT 1 [ RunTime:0.039803s ]
---------------------------------------------------------------
[ 2018-12-05T11:09:51+08:00 ] 127.0.0.1 GET 127.0.0.1:8000/
[运行时间：0.054702s] [吞吐率：18.28req/s] [内存消耗：2,113.86kb] [文件加载：83]
[ info ] [ LANG ] /Users/jon/Documents/项目汇总/车自主/thinkphp/lang/zh-cn.php
[ info ] [ ROUTE ] array (
)
[ info ] [ HEADER ] array (
  'host' => '127.0.0.1:8000',
  'connection' => 'keep-alive',
  'upgrade-insecure-requests' => '1',
  'user-agent' => 'Mozilla/5.0 (Macintosh; Intel Mac OS X 10_14_0) AppleWebKit/537.36 (KHTML, like Gecko) Chrome/70.0.3538.110 Safari/537.36',
  'accept' => 'text/html,application/xhtml+xml,application/xml;q=0.9,image/webp,image/apng,*/*;q=0.8',
  'referer' => 'http://127.0.0.1:8000/index/user/login',
  'accept-encoding' => 'gzip, deflate, br',
  'accept-language' => 'zh-CN,zh;q=0.9',
  'cookie' => 'Hm_lvt_b393d153aeb26b46e9431fabaf0f6190=1542875723; PHPSESSID=5e2aa2706adae7db23ae6a172087503f',
)
[ info ] [ PARAM ] array (
)
[ info ] [ VIEW ] /Users/jon/Documents/项目汇总/车自主/application/index/view/index/index.html [ array (
) ]
---------------------------------------------------------------
[ 2018-12-05T11:09:52+08:00 ] 127.0.0.1 GET 127.0.0.1:8000/index/index/indexdata/
[运行时间：0.333021s] [吞吐率：3.00req/s] [内存消耗：3,366.77kb] [文件加载：96]
[ info ] [ LANG ] /Users/jon/Documents/项目汇总/车自主/thinkphp/lang/zh-cn.php
[ info ] [ ROUTE ] array (
)
[ info ] [ HEADER ] array (
  'host' => '127.0.0.1:8000',
  'connection' => 'keep-alive',
  'accept' => 'application/json, text/plain, */*',
  'user-agent' => 'Mozilla/5.0 (Macintosh; Intel Mac OS X 10_14_0) AppleWebKit/537.36 (KHTML, like Gecko) Chrome/70.0.3538.110 Safari/537.36',
  'referer' => 'http://127.0.0.1:8000/',
  'accept-encoding' => 'gzip, deflate, br',
  'accept-language' => 'zh-CN,zh;q=0.9',
  'cookie' => 'Hm_lvt_b393d153aeb26b46e9431fabaf0f6190=1542875723; PHPSESSID=5e2aa2706adae7db23ae6a172087503f',
)
[ info ] [ PARAM ] array (
)
[ info ] [ DB ] INIT mysql
[ sql ] [ DB ] CONNECT:[ UseTime:0.062678s ] mysql:host=39.108.101.229;dbname=czz_10huisp_com;charset=utf8
[ sql ] [ SQL ] SHOW COLUMNS FROM `clt_city` [ RunTime:0.043691s ]
[ sql ] [ SQL ] SELECT * FROM `clt_city` [ RunTime:0.039904s ]
[ sql ] [ SQL ] SHOW COLUMNS FROM `clt_featured` [ RunTime:0.041561s ]
[ sql ] [ SQL ] SELECT * FROM `clt_featured` WHERE  `status` = 1 [ RunTime:0.044709s ]
---------------------------------------------------------------
[ 2018-12-05T11:09:56+08:00 ] 127.0.0.1 GET 127.0.0.1:8000/static/index/vant/axios.min.map
[运行时间：0.034194s] [吞吐率：29.24req/s] [内存消耗：1,608.25kb] [文件加载：68]
[ info ] [ LANG ] /Users/jon/Documents/项目汇总/车自主/thinkphp/lang/zh-cn.php
---------------------------------------------------------------
[ 2018-12-05T11:10:00+08:00 ] 127.0.0.1 GET 127.0.0.1:8000/
[运行时间：0.042630s] [吞吐率：23.46req/s] [内存消耗：2,114.94kb] [文件加载：83]
[ info ] [ LANG ] /Users/jon/Documents/项目汇总/车自主/thinkphp/lang/zh-cn.php
[ info ] [ ROUTE ] array (
)
[ info ] [ HEADER ] array (
  'host' => '127.0.0.1:8000',
  'connection' => 'keep-alive',
  'cache-control' => 'max-age=0',
  'upgrade-insecure-requests' => '1',
  'user-agent' => 'Mozilla/5.0 (iPhone; CPU iPhone OS 11_0 like Mac OS X) AppleWebKit/604.1.38 (KHTML, like Gecko) Version/11.0 Mobile/15A372 Safari/604.1',
  'accept' => 'text/html,application/xhtml+xml,application/xml;q=0.9,image/webp,image/apng,*/*;q=0.8',
  'referer' => 'http://127.0.0.1:8000/index/user/login',
  'accept-encoding' => 'gzip, deflate, br',
  'accept-language' => 'zh-CN,zh;q=0.9',
  'cookie' => 'Hm_lvt_b393d153aeb26b46e9431fabaf0f6190=1542875723; PHPSESSID=5e2aa2706adae7db23ae6a172087503f; city_name=%u67F3%u5DDE; city=%7B%22id%22%3A48%2C%22name%22%3A%22%u67F3%u5DDE%22%2C%22parent_id%22%3A46%2C%22listoreder%22%3A0%2C%22status%22%3A1%2C%22create_time%22%3Anull%2C%22update_time%22%3Anull%2C%22uname%22%3A%22liuzhou%22%2C%22is_default%22%3Anull%7D',
)
[ info ] [ PARAM ] array (
)
[ info ] [ VIEW ] /Users/jon/Documents/项目汇总/车自主/application/index/view/index/index.html [ array (
) ]
---------------------------------------------------------------
[ 2018-12-05T11:10:01+08:00 ] 127.0.0.1 GET 127.0.0.1:8000/static/index/vant/axios.min.map
[运行时间：0.034030s] [吞吐率：29.39req/s] [内存消耗：1,608.25kb] [文件加载：68]
[ info ] [ LANG ] /Users/jon/Documents/项目汇总/车自主/thinkphp/lang/zh-cn.php
---------------------------------------------------------------
[ 2018-12-05T11:10:01+08:00 ] 127.0.0.1 GET 127.0.0.1:8000/index/index/indexdata/
[运行时间：0.547247s] [吞吐率：1.83req/s] [内存消耗：3,367.77kb] [文件加载：96]
[ info ] [ LANG ] /Users/jon/Documents/项目汇总/车自主/thinkphp/lang/zh-cn.php
[ info ] [ ROUTE ] array (
)
[ info ] [ HEADER ] array (
  'host' => '127.0.0.1:8000',
  'connection' => 'keep-alive',
  'accept' => 'application/json, text/plain, */*',
  'user-agent' => 'Mozilla/5.0 (iPhone; CPU iPhone OS 11_0 like Mac OS X) AppleWebKit/604.1.38 (KHTML, like Gecko) Version/11.0 Mobile/15A372 Safari/604.1',
  'referer' => 'http://127.0.0.1:8000/',
  'accept-encoding' => 'gzip, deflate, br',
  'accept-language' => 'zh-CN,zh;q=0.9',
  'cookie' => 'Hm_lvt_b393d153aeb26b46e9431fabaf0f6190=1542875723; PHPSESSID=5e2aa2706adae7db23ae6a172087503f; city_name=%u67F3%u5DDE; city=%7B%22id%22%3A48%2C%22name%22%3A%22%u67F3%u5DDE%22%2C%22parent_id%22%3A46%2C%22listoreder%22%3A0%2C%22status%22%3A1%2C%22create_time%22%3Anull%2C%22update_time%22%3Anull%2C%22uname%22%3A%22liuzhou%22%2C%22is_default%22%3Anull%7D',
)
[ info ] [ PARAM ] array (
)
[ info ] [ DB ] INIT mysql
[ sql ] [ DB ] CONNECT:[ UseTime:0.083168s ] mysql:host=39.108.101.229;dbname=czz_10huisp_com;charset=utf8
[ sql ] [ SQL ] SHOW COLUMNS FROM `clt_city` [ RunTime:0.057418s ]
[ sql ] [ SQL ] SELECT * FROM `clt_city` [ RunTime:0.055562s ]
[ sql ] [ SQL ] SHOW COLUMNS FROM `clt_featured` [ RunTime:0.056677s ]
[ sql ] [ SQL ] SELECT * FROM `clt_featured` WHERE  `status` = 1 [ RunTime:0.223863s ]
---------------------------------------------------------------
[ 2018-12-05T11:30:57+08:00 ] 127.0.0.1 OPTIONS 127.0.0.1:8000/api/admin/GetProjectByList
[运行时间：0.070682s] [吞吐率：14.15req/s] [内存消耗：2,012.84kb] [文件加载：80]
[ info ] [ LANG ] /Users/jon/Documents/项目汇总/车自主/thinkphp/lang/zh-cn.php
[ info ] [ ROUTE ] array (
)
[ info ] [ HEADER ] array (
  'host' => '127.0.0.1:8000',
  'connection' => 'keep-alive',
  'access-control-request-method' => 'GET',
  'origin' => 'http://localhost:9527',
  'user-agent' => 'Mozilla/5.0 (Macintosh; Intel Mac OS X 10_14_0) AppleWebKit/537.36 (KHTML, like Gecko) Chrome/70.0.3538.110 Safari/537.36',
  'access-control-request-headers' => 'x-token',
  'accept' => '*/*',
  'accept-encoding' => 'gzip, deflate, br',
  'accept-language' => 'zh-CN,zh;q=0.9',
)
[ info ] [ PARAM ] array (
)
---------------------------------------------------------------
[ 2018-12-05T11:30:57+08:00 ] 127.0.0.1 OPTIONS 127.0.0.1:8000/api/admin/realname/Images/GetImagesByFind
[运行时间：0.031944s] [吞吐率：31.30req/s] [内存消耗：2,013.63kb] [文件加载：80]
[ info ] [ LANG ] /Users/jon/Documents/项目汇总/车自主/thinkphp/lang/zh-cn.php
[ info ] [ ROUTE ] array (
)
[ info ] [ HEADER ] array (
  'host' => '127.0.0.1:8000',
  'connection' => 'keep-alive',
  'access-control-request-method' => 'POST',
  'origin' => 'http://localhost:9527',
  'user-agent' => 'Mozilla/5.0 (Macintosh; Intel Mac OS X 10_14_0) AppleWebKit/537.36 (KHTML, like Gecko) Chrome/70.0.3538.110 Safari/537.36',
  'access-control-request-headers' => 'content-type,x-token',
  'accept' => '*/*',
  'accept-encoding' => 'gzip, deflate, br',
  'accept-language' => 'zh-CN,zh;q=0.9',
)
[ info ] [ PARAM ] array (
  'Images' => 'GetImagesByFind',
)
---------------------------------------------------------------
[ 2018-12-05T11:53:00+08:00 ] 127.0.0.1 OPTIONS 127.0.0.1:8000/api/admin/user/info?token=admin
[运行时间：0.135648s] [吞吐率：7.37req/s] [内存消耗：2,013.48kb] [文件加载：80]
[ info ] [ LANG ] /Users/jon/Documents/项目汇总/车自主/thinkphp/lang/zh-cn.php
[ info ] [ ROUTE ] array (
)
[ info ] [ HEADER ] array (
  'host' => '127.0.0.1:8000',
  'connection' => 'keep-alive',
  'access-control-request-method' => 'GET',
  'origin' => 'http://localhost:9527',
  'user-agent' => 'Mozilla/5.0 (Macintosh; Intel Mac OS X 10_14_0) AppleWebKit/537.36 (KHTML, like Gecko) Chrome/70.0.3538.110 Safari/537.36',
  'access-control-request-headers' => 'x-token',
  'accept' => '*/*',
  'accept-encoding' => 'gzip, deflate, br',
  'accept-language' => 'zh-CN,zh;q=0.9',
)
[ info ] [ PARAM ] array (
  'token' => 'admin',
)
