---------------------------------------------------------------
[ 2018-12-24T23:59:49+08:00 ] 127.0.0.1 GET 127.0.0.1:8000/
[运行时间：0.099321s] [吞吐率：10.07req/s] [内存消耗：2,039.68kb] [文件加载：81]
[ info ] [ LANG ] /Users/jon/Documents/项目汇总/车自主/thinkphp/lang/zh-cn.php
[ info ] [ ROUTE ] array (
)
[ info ] [ HEADER ] array (
  'host' => '127.0.0.1:8000',
  'connection' => 'keep-alive',
  'upgrade-insecure-requests' => '1',
  'user-agent' => 'Mozilla/5.0 (Macintosh; Intel Mac OS X 10_14_0) AppleWebKit/537.36 (KHTML, like Gecko) Chrome/71.0.3578.98 Safari/537.36',
  'accept' => 'text/html,application/xhtml+xml,application/xml;q=0.9,image/webp,image/apng,*/*;q=0.8',
  'accept-encoding' => 'gzip, deflate, br',
  'accept-language' => 'zh-CN,zh;q=0.9',
  'cookie' => 'PHPSESSID=164d54594cb0243ecd735df11d87b055',
)
[ info ] [ PARAM ] array (
)
---------------------------------------------------------------
[ 2018-12-24T23:59:50+08:00 ] 127.0.0.1 GET 127.0.0.1:8000/index/user/login
[运行时间：0.248299s] [吞吐率：4.03req/s] [内存消耗：2,111.84kb] [文件加载：81]
[ info ] [ LANG ] /Users/jon/Documents/项目汇总/车自主/thinkphp/lang/zh-cn.php
[ info ] [ ROUTE ] array (
)
[ info ] [ HEADER ] array (
  'host' => '127.0.0.1:8000',
  'connection' => 'keep-alive',
  'upgrade-insecure-requests' => '1',
  'user-agent' => 'Mozilla/5.0 (Macintosh; Intel Mac OS X 10_14_0) AppleWebKit/537.36 (KHTML, like Gecko) Chrome/71.0.3578.98 Safari/537.36',
  'accept' => 'text/html,application/xhtml+xml,application/xml;q=0.9,image/webp,image/apng,*/*;q=0.8',
  'accept-encoding' => 'gzip, deflate, br',
  'accept-language' => 'zh-CN,zh;q=0.9',
  'cookie' => 'PHPSESSID=164d54594cb0243ecd735df11d87b055',
)
[ info ] [ PARAM ] array (
)
[ info ] [ VIEW ] /Users/jon/Documents/项目汇总/车自主/application/index/view/user/login.html [ array (
) ]
---------------------------------------------------------------
[ 2018-12-24T23:59:55+08:00 ] 127.0.0.1 GET 127.0.0.1:8000/bis
[运行时间：0.054169s] [吞吐率：18.46req/s] [内存消耗：2,236.98kb] [文件加载：85]
[ info ] [ LANG ] /Users/jon/Documents/项目汇总/车自主/thinkphp/lang/zh-cn.php
[ info ] [ ROUTE ] array (
)
[ info ] [ HEADER ] array (
  'host' => '127.0.0.1:8000',
  'connection' => 'keep-alive',
  'upgrade-insecure-requests' => '1',
  'user-agent' => 'Mozilla/5.0 (Macintosh; Intel Mac OS X 10_14_0) AppleWebKit/537.36 (KHTML, like Gecko) Chrome/71.0.3578.98 Safari/537.36',
  'accept' => 'text/html,application/xhtml+xml,application/xml;q=0.9,image/webp,image/apng,*/*;q=0.8',
  'accept-encoding' => 'gzip, deflate, br',
  'accept-language' => 'zh-CN,zh;q=0.9',
  'cookie' => 'PHPSESSID=164d54594cb0243ecd735df11d87b055',
)
[ info ] [ PARAM ] array (
)
[ info ] [ VIEW ] /Users/jon/Documents/项目汇总/车自主/application/bis/view/index/index.html [ array (
) ]
---------------------------------------------------------------
[ 2018-12-24T23:59:59+08:00 ] 127.0.0.1 GET 127.0.0.1:8000/admin
[运行时间：0.035832s] [吞吐率：27.91req/s] [内存消耗：2,098.19kb] [文件加载：85]
[ info ] [ LANG ] /Users/jon/Documents/项目汇总/车自主/thinkphp/lang/zh-cn.php
[ info ] [ ROUTE ] array (
)
[ info ] [ HEADER ] array (
  'host' => '127.0.0.1:8000',
  'connection' => 'keep-alive',
  'upgrade-insecure-requests' => '1',
  'user-agent' => 'Mozilla/5.0 (Macintosh; Intel Mac OS X 10_14_0) AppleWebKit/537.36 (KHTML, like Gecko) Chrome/71.0.3578.98 Safari/537.36',
  'accept' => 'text/html,application/xhtml+xml,application/xml;q=0.9,image/webp,image/apng,*/*;q=0.8',
  'accept-encoding' => 'gzip, deflate, br',
  'accept-language' => 'zh-CN,zh;q=0.9',
  'cookie' => 'PHPSESSID=164d54594cb0243ecd735df11d87b055',
)
[ info ] [ PARAM ] array (
)
[ info ] [ VIEW ] /Users/jon/Documents/项目汇总/车自主/thinkphp/tpl/dispatch_jump.tpl [ array (
  0 => 'code',
  1 => 'msg',
  2 => 'data',
  3 => 'url',
  4 => 'wait',
) ]
